# JRE version: Java(TM) SE Runtime Environment (8.0_221-b11) (build 1.8.0_221-b11)
# Java VM: Java HotSpot(TM) 64-Bit Server VM (25.221-b11 mixed mode bsd-amd64 compressed oops)
Heap:
 PSYoungGen      total 356352K, used 191072K [0x0000000715580000, 0x000000072fb00000, 0x00000007c0000000)
  eden space 336896K, 51% used [0x0000000715580000,0x000000071fd4e2e8,0x0000000729e80000)
  from space 19456K, 98% used [0x000000072e800000,0x000000072faca050,0x000000072fb00000)
  to   space 21504K, 0% used [0x000000072d100000,0x000000072d100000,0x000000072e600000)
 ParOldGen       total 364032K, used 28610K [0x00000005c0000000, 0x00000005d6380000, 0x0000000715580000)
  object space 364032K, 7% used [0x00000005c0000000,0x00000005c1bf0b90,0x00000005d6380000)
 Metaspace       used 55319K, capacity 58126K, committed 58368K, reserved 1099776K
  class space    used 6917K, capacity 7424K, committed 7424K, reserved 1048576K
GC Heap History (10 events):
Event: 3.306 GC heap before
{Heap before GC invocations=2 (full 0):
 PSYoungGen      total 153088K, used 47256K [0x0000000715580000, 0x0000000728080000, 0x00000007c0000000)
  eden space 131584K, 20% used [0x0000000715580000,0x0000000716fa5908,0x000000071d600000)
  from space 21504K, 95% used [0x000000071d600000,0x000000071ea007d8,0x000000071eb00000)
  to   space 21504K, 0% used [0x0000000726b80000,0x0000000726b80000,0x0000000728080000)
 ParOldGen       total 349696K, used 0K [0x00000005c0000000, 0x00000005d5580000, 0x0000000715580000)
  object space 349696K, 0% used [0x00000005c0000000,0x00000005c0000000,0x00000005d5580000)
 Metaspace       used 20307K, capacity 21276K, committed 21296K, reserved 1067008K
  class space    used 2611K, capacity 2930K, committed 2944K, reserved 1048576K
Event: 3.320 GC heap after
Heap after GC invocations=2 (full 0):
 PSYoungGen      total 284672K, used 20325K [0x0000000715580000, 0x0000000728080000, 0x00000007c0000000)
  eden space 263168K, 0% used [0x0000000715580000,0x0000000715580000,0x0000000725680000)
  from space 21504K, 94% used [0x0000000726b80000,0x0000000727f59500,0x0000000728080000)
  to   space 21504K, 0% used [0x0000000725680000,0x0000000725680000,0x0000000726b80000)
 ParOldGen       total 349696K, used 0K [0x00000005c0000000, 0x00000005d5580000, 0x0000000715580000)
  object space 349696K, 0% used [0x00000005c0000000,0x00000005c0000000,0x00000005d5580000)
 Metaspace       used 20307K, capacity 21276K, committed 21296K, reserved 1067008K
  class space    used 2611K, capacity 2930K, committed 2944K, reserved 1048576K
}
Event: 3.320 GC heap before
{Heap before GC invocations=3 (full 1):
 PSYoungGen      total 284672K, used 20325K [0x0000000715580000, 0x0000000728080000, 0x00000007c0000000)
  eden space 263168K, 0% used [0x0000000715580000,0x0000000715580000,0x0000000725680000)
  from space 21504K, 94% used [0x0000000726b80000,0x0000000727f59500,0x0000000728080000)
  to   space 21504K, 0% used [0x0000000725680000,0x0000000725680000,0x0000000726b80000)
 ParOldGen       total 349696K, used 0K [0x00000005c0000000, 0x00000005d5580000, 0x0000000715580000)
  object space 349696K, 0% used [0x00000005c0000000,0x00000005c0000000,0x00000005d5580000)
 Metaspace       used 20307K, capacity 21276K, committed 21296K, reserved 1067008K
  class space    used 2611K, capacity 2930K, committed 2944K, reserved 1048576K
Event: 3.370 GC heap after
Heap after GC invocations=3 (full 1):
 PSYoungGen      total 284672K, used 0K [0x0000000715580000, 0x0000000728080000, 0x00000007c0000000)
  eden space 263168K, 0% used [0x0000000715580000,0x0000000715580000,0x0000000725680000)
  from space 21504K, 0% used [0x0000000726b80000,0x0000000726b80000,0x0000000728080000)
  to   space 21504K, 0% used [0x0000000725680000,0x0000000725680000,0x0000000726b80000)
 ParOldGen       total 218112K, used 20095K [0x00000005c0000000, 0x00000005cd500000, 0x0000000715580000)
  object space 218112K, 9% used [0x00000005c0000000,0x00000005c139ff08,0x00000005cd500000)
 Metaspace       used 20307K, capacity 21276K, committed 21296K, reserved 1067008K
  class space    used 2611K, capacity 2930K, committed 2944K, reserved 1048576K
}
Event: 5.108 GC heap before
{Heap before GC invocations=4 (full 1):
 PSYoungGen      total 284672K, used 163382K [0x0000000715580000, 0x0000000728080000, 0x00000007c0000000)
  eden space 263168K, 62% used [0x0000000715580000,0x000000071f50d850,0x0000000725680000)
  from space 21504K, 0% used [0x0000000726b80000,0x0000000726b80000,0x0000000728080000)
  to   space 21504K, 0% used [0x0000000725680000,0x0000000725680000,0x0000000726b80000)
 ParOldGen       total 218112K, used 20095K [0x00000005c0000000, 0x00000005cd500000, 0x0000000715580000)
  object space 218112K, 9% used [0x00000005c0000000,0x00000005c139ff08,0x00000005cd500000)
 Metaspace       used 33976K, capacity 35344K, committed 35456K, reserved 1079296K
  class space    used 4328K, capacity 4676K, committed 4736K, reserved 1048576K
Event: 5.130 GC heap after
Heap after GC invocations=4 (full 1):
 PSYoungGen      total 284672K, used 9526K [0x0000000715580000, 0x000000072fd00000, 0x00000007c0000000)
  eden space 263168K, 0% used [0x0000000715580000,0x0000000715580000,0x0000000725680000)
  from space 21504K, 44% used [0x0000000725680000,0x0000000725fcd9b0,0x0000000726b80000)
  to   space 21504K, 0% used [0x000000072e800000,0x000000072e800000,0x000000072fd00000)
 ParOldGen       total 218112K, used 20095K [0x00000005c0000000, 0x00000005cd500000, 0x0000000715580000)
  object space 218112K, 9% used [0x00000005c0000000,0x00000005c139ff08,0x00000005cd500000)
 Metaspace       used 33976K, capacity 35344K, committed 35456K, reserved 1079296K
  class space    used 4328K, capacity 4676K, committed 4736K, reserved 1048576K
}
Event: 5.131 GC heap before
{Heap before GC invocations=5 (full 2):
 PSYoungGen      total 284672K, used 9526K [0x0000000715580000, 0x000000072fd00000, 0x00000007c0000000)
  eden space 263168K, 0% used [0x0000000715580000,0x0000000715580000,0x0000000725680000)
  from space 21504K, 44% used [0x0000000725680000,0x0000000725fcd9b0,0x0000000726b80000)
  to   space 21504K, 0% used [0x000000072e800000,0x000000072e800000,0x000000072fd00000)
 ParOldGen       total 218112K, used 20095K [0x00000005c0000000, 0x00000005cd500000, 0x0000000715580000)
  object space 218112K, 9% used [0x00000005c0000000,0x00000005c139ff08,0x00000005cd500000)
 Metaspace       used 33976K, capacity 35344K, committed 35456K, reserved 1079296K
  class space    used 4328K, capacity 4676K, committed 4736K, reserved 1048576K
Event: 5.221 GC heap after
Heap after GC invocations=5 (full 2):
 PSYoungGen      total 284672K, used 0K [0x0000000715580000, 0x000000072fd00000, 0x00000007c0000000)
  eden space 263168K, 0% used [0x0000000715580000,0x0000000715580000,0x0000000725680000)
  from space 21504K, 0% used [0x0000000725680000,0x0000000725680000,0x0000000726b80000)
  to   space 21504K, 0% used [0x000000072e800000,0x000000072e800000,0x000000072fd00000)
 ParOldGen       total 364032K, used 28602K [0x00000005c0000000, 0x00000005d6380000, 0x0000000715580000)
  object space 364032K, 7% used [0x00000005c0000000,0x00000005c1beeb90,0x00000005d6380000)
 Metaspace       used 33976K, capacity 35344K, committed 35456K, reserved 1079296K
  class space    used 4328K, capacity 4676K, committed 4736K, reserved 1048576K
}
Event: 7.890 GC heap before
{Heap before GC invocations=6 (full 2):
 PSYoungGen      total 284672K, used 263168K [0x0000000715580000, 0x000000072fd00000, 0x00000007c0000000)
  eden space 263168K, 100% used [0x0000000715580000,0x0000000725680000,0x0000000725680000)
  from space 21504K, 0% used [0x0000000725680000,0x0000000725680000,0x0000000726b80000)
  to   space 21504K, 0% used [0x000000072e800000,0x000000072e800000,0x000000072fd00000)
 ParOldGen       total 364032K, used 28602K [0x00000005c0000000, 0x00000005d6380000, 0x0000000715580000)
  object space 364032K, 7% used [0x00000005c0000000,0x00000005c1beeb90,0x00000005d6380000)
 Metaspace       used 50259K, capacity 53010K, committed 53248K, reserved 1095680K
  class space    used 6299K, capacity 6801K, committed 6912K, reserved 1048576K
Event: 7.911 GC heap after
Heap after GC invocations=6 (full 2):
 PSYoungGen      total 356352K, used 19240K [0x0000000715580000, 0x000000072fb00000, 0x00000007c0000000)
  eden space 336896K, 0% used [0x0000000715580000,0x0000000715580000,0x0000000729e80000)
  from space 19456K, 98% used [0x000000072e800000,0x000000072faca050,0x000000072fb00000)
  to   space 21504K, 0% used [0x000000072d100000,0x000000072d100000,0x000000072e600000)
 ParOldGen       total 364032K, used 28610K [0x00000005c0000000, 0x00000005d6380000, 0x0000000715580000)
  object space 364032K, 7% used [0x00000005c0000000,0x00000005c1bf0b90,0x00000005d6380000)
 Metaspace       used 50259K, capacity 53010K, committed 53248K, reserved 1095680K
  class space    used 6299K, capacity 6801K, committed 6912K, reserved 1048576K
}

