# JRE version: Java(TM) SE Runtime Environment (8.0_221-b11) (build 1.8.0_221-b11)
# Java VM: Java HotSpot(TM) 64-Bit Server VM (25.221-b11 mixed mode bsd-amd64 compressed oops)
Heap:
 PSYoungGen      total 312320K, used 78469K [0x0000000715580000, 0x000000072bf00000, 0x00000007c0000000)
  eden space 288256K, 18% used [0x0000000715580000,0x0000000718aa48c8,0x0000000726f00000)
  from space 24064K, 99% used [0x0000000729580000,0x000000072acfce38,0x000000072ad00000)
  to   space 39424K, 0% used [0x0000000726f00000,0x0000000726f00000,0x0000000729580000)
 ParOldGen       total 292864K, used 44001K [0x00000005c0000000, 0x00000005d1e00000, 0x0000000715580000)
  object space 292864K, 15% used [0x00000005c0000000,0x00000005c2af86a8,0x00000005d1e00000)
 Metaspace       used 55481K, capacity 58304K, committed 58624K, reserved 1099776K
  class space    used 6934K, capacity 7423K, committed 7424K, reserved 1048576K
GC Heap History (10 events):
Event: 5.288 GC heap before
{Heap before GC invocations=4 (full 1):
 PSYoungGen      total 153088K, used 131584K [0x0000000715580000, 0x0000000728080000, 0x00000007c0000000)
  eden space 131584K, 100% used [0x0000000715580000,0x000000071d600000,0x000000071d600000)
  from space 21504K, 0% used [0x000000071eb00000,0x000000071eb00000,0x0000000720000000)
  to   space 21504K, 0% used [0x000000071d600000,0x000000071d600000,0x000000071eb00000)
 ParOldGen       total 227328K, used 20125K [0x00000005c0000000, 0x00000005cde00000, 0x0000000715580000)
  object space 227328K, 8% used [0x00000005c0000000,0x00000005c13a7500,0x00000005cde00000)
 Metaspace       used 33411K, capacity 34800K, committed 34944K, reserved 1079296K
  class space    used 4291K, capacity 4644K, committed 4736K, reserved 1048576K
Event: 5.308 GC heap after
Heap after GC invocations=4 (full 1):
 PSYoungGen      total 153088K, used 9511K [0x0000000715580000, 0x0000000723380000, 0x00000007c0000000)
  eden space 131584K, 0% used [0x0000000715580000,0x0000000715580000,0x000000071d600000)
  from space 21504K, 44% used [0x000000071d600000,0x000000071df49d20,0x000000071eb00000)
  to   space 21504K, 0% used [0x0000000721e80000,0x0000000721e80000,0x0000000723380000)
 ParOldGen       total 227328K, used 20125K [0x00000005c0000000, 0x00000005cde00000, 0x0000000715580000)
  object space 227328K, 8% used [0x00000005c0000000,0x00000005c13a7500,0x00000005cde00000)
 Metaspace       used 33411K, capacity 34800K, committed 34944K, reserved 1079296K
  class space    used 4291K, capacity 4644K, committed 4736K, reserved 1048576K
}
Event: 5.343 GC heap before
{Heap before GC invocations=5 (full 1):
 PSYoungGen      total 153088K, used 17293K [0x0000000715580000, 0x0000000723380000, 0x00000007c0000000)
  eden space 131584K, 5% used [0x0000000715580000,0x0000000715d199b8,0x000000071d600000)
  from space 21504K, 44% used [0x000000071d600000,0x000000071df49d20,0x000000071eb00000)
  to   space 21504K, 0% used [0x0000000721e80000,0x0000000721e80000,0x0000000723380000)
 ParOldGen       total 227328K, used 20125K [0x00000005c0000000, 0x00000005cde00000, 0x0000000715580000)
  object space 227328K, 8% used [0x00000005c0000000,0x00000005c13a7500,0x00000005cde00000)
 Metaspace       used 33990K, capacity 35344K, committed 35456K, reserved 1079296K
  class space    used 4329K, capacity 4676K, committed 4736K, reserved 1048576K
Event: 5.357 GC heap after
Heap after GC invocations=5 (full 1):
 PSYoungGen      total 205824K, used 4482K [0x0000000715580000, 0x0000000726580000, 0x00000007c0000000)
  eden space 184320K, 0% used [0x0000000715580000,0x0000000715580000,0x0000000720980000)
  from space 21504K, 20% used [0x0000000721e80000,0x00000007222e0b18,0x0000000723380000)
  to   space 21504K, 0% used [0x0000000720980000,0x0000000720980000,0x0000000721e80000)
 ParOldGen       total 227328K, used 20133K [0x00000005c0000000, 0x00000005cde00000, 0x0000000715580000)
  object space 227328K, 8% used [0x00000005c0000000,0x00000005c13a9500,0x00000005cde00000)
 Metaspace       used 33990K, capacity 35344K, committed 35456K, reserved 1079296K
  class space    used 4329K, capacity 4676K, committed 4736K, reserved 1048576K
}
Event: 5.357 GC heap before
{Heap before GC invocations=6 (full 2):
 PSYoungGen      total 205824K, used 4482K [0x0000000715580000, 0x0000000726580000, 0x00000007c0000000)
  eden space 184320K, 0% used [0x0000000715580000,0x0000000715580000,0x0000000720980000)
  from space 21504K, 20% used [0x0000000721e80000,0x00000007222e0b18,0x0000000723380000)
  to   space 21504K, 0% used [0x0000000720980000,0x0000000720980000,0x0000000721e80000)
 ParOldGen       total 227328K, used 20133K [0x00000005c0000000, 0x00000005cde00000, 0x0000000715580000)
  object space 227328K, 8% used [0x00000005c0000000,0x00000005c13a9500,0x00000005cde00000)
 Metaspace       used 33990K, capacity 35344K, committed 35456K, reserved 1079296K
  class space    used 4329K, capacity 4676K, committed 4736K, reserved 1048576K
Event: 5.447 GC heap after
Heap after GC invocations=6 (full 2):
 PSYoungGen      total 205824K, used 0K [0x0000000715580000, 0x0000000726580000, 0x00000007c0000000)
  eden space 184320K, 0% used [0x0000000715580000,0x0000000715580000,0x0000000720980000)
  from space 21504K, 0% used [0x0000000721e80000,0x0000000721e80000,0x0000000723380000)
  to   space 21504K, 0% used [0x0000000720980000,0x0000000720980000,0x0000000721e80000)
 ParOldGen       total 292864K, used 23856K [0x00000005c0000000, 0x00000005d1e00000, 0x0000000715580000)
  object space 292864K, 8% used [0x00000005c0000000,0x00000005c174c0f0,0x00000005d1e00000)
 Metaspace       used 33990K, capacity 35344K, committed 35456K, reserved 1079296K
  class space    used 4329K, capacity 4676K, committed 4736K, reserved 1048576K
}
Event: 7.462 GC heap before
{Heap before GC invocations=7 (full 2):
 PSYoungGen      total 205824K, used 184320K [0x0000000715580000, 0x0000000726580000, 0x00000007c0000000)
  eden space 184320K, 100% used [0x0000000715580000,0x0000000720980000,0x0000000720980000)
  from space 21504K, 0% used [0x0000000721e80000,0x0000000721e80000,0x0000000723380000)
  to   space 21504K, 0% used [0x0000000720980000,0x0000000720980000,0x0000000721e80000)
 ParOldGen       total 292864K, used 23856K [0x00000005c0000000, 0x00000005d1e00000, 0x0000000715580000)
  object space 292864K, 8% used [0x00000005c0000000,0x00000005c174c0f0,0x00000005d1e00000)
 Metaspace       used 46226K, capacity 48614K, committed 48768K, reserved 1091584K
  class space    used 5809K, capacity 6261K, committed 6272K, reserved 1048576K
Event: 7.480 GC heap after
Heap after GC invocations=7 (full 2):
 PSYoungGen      total 205824K, used 14159K [0x0000000715580000, 0x000000072ad00000, 0x00000007c0000000)
  eden space 184320K, 0% used [0x0000000715580000,0x0000000715580000,0x0000000720980000)
  from space 21504K, 65% used [0x0000000720980000,0x0000000721753e28,0x0000000721e80000)
  to   space 24064K, 0% used [0x0000000729580000,0x0000000729580000,0x000000072ad00000)
 ParOldGen       total 292864K, used 23864K [0x00000005c0000000, 0x00000005d1e00000, 0x0000000715580000)
  object space 292864K, 8% used [0x00000005c0000000,0x00000005c174e0f0,0x00000005d1e00000)
 Metaspace       used 46226K, capacity 48614K, committed 48768K, reserved 1091584K
  class space    used 5809K, capacity 6261K, committed 6272K, reserved 1048576K
}
Event: 29.017 GC heap before
{Heap before GC invocations=8 (full 2):
 PSYoungGen      total 205824K, used 198479K [0x0000000715580000, 0x000000072ad00000, 0x00000007c0000000)
  eden space 184320K, 100% used [0x0000000715580000,0x0000000720980000,0x0000000720980000)
  from space 21504K, 65% used [0x0000000720980000,0x0000000721753e28,0x0000000721e80000)
  to   space 24064K, 0% used [0x0000000729580000,0x0000000729580000,0x000000072ad00000)
 ParOldGen       total 292864K, used 23864K [0x00000005c0000000, 0x00000005d1e00000, 0x0000000715580000)
  object space 292864K, 8% used [0x00000005c0000000,0x00000005c174e0f0,0x00000005d1e00000)
 Metaspace       used 55221K, capacity 58042K, committed 58368K, reserved 1099776K
  class space    used 6873K, capacity 7358K, committed 7424K, reserved 1048576K
Event: 29.042 GC heap after
Heap after GC invocations=8 (full 2):
 PSYoungGen      total 312320K, used 24051K [0x0000000715580000, 0x000000072bf00000, 0x00000007c0000000)
  eden space 288256K, 0% used [0x0000000715580000,0x0000000715580000,0x0000000726f00000)
  from space 24064K, 99% used [0x0000000729580000,0x000000072acfce38,0x000000072ad00000)
  to   space 39424K, 0% used [0x0000000726f00000,0x0000000726f00000,0x0000000729580000)
 ParOldGen       total 292864K, used 44001K [0x00000005c0000000, 0x00000005d1e00000, 0x0000000715580000)
  object space 292864K, 15% used [0x00000005c0000000,0x00000005c2af86a8,0x00000005d1e00000)
 Metaspace       used 55221K, capacity 58042K, committed 58368K, reserved 1099776K
  class space    used 6873K, capacity 7358K, committed 7424K, reserved 1048576K
}

