# JRE version: Java(TM) SE Runtime Environment (8.0_221-b11) (build 1.8.0_221-b11)
# Java VM: Java HotSpot(TM) 64-Bit Server VM (25.221-b11 mixed mode bsd-amd64 compressed oops)
Heap:
 PSYoungGen      total 315904K, used 58487K [0x0000000715580000, 0x0000000730a80000, 0x00000007c0000000)
  eden space 291328K, 11% used [0x0000000715580000,0x00000007176a41b8,0x0000000727200000)
  from space 24576K, 99% used [0x000000072b100000,0x000000072c8f9d70,0x000000072c900000)
  to   space 64512K, 0% used [0x0000000727200000,0x0000000727200000,0x000000072b100000)
 ParOldGen       total 269312K, used 86912K [0x00000005c0000000, 0x00000005d0700000, 0x0000000715580000)
  object space 269312K, 32% used [0x00000005c0000000,0x00000005c54e03d0,0x00000005d0700000)
 Metaspace       used 55500K, capacity 58368K, committed 58624K, reserved 1099776K
  class space    used 6934K, capacity 7423K, committed 7424K, reserved 1048576K
GC Heap History (10 events):
Event: 5.169 GC heap before
{Heap before GC invocations=4 (full 1):
 PSYoungGen      total 153088K, used 131584K [0x0000000715580000, 0x0000000728080000, 0x00000007c0000000)
  eden space 131584K, 100% used [0x0000000715580000,0x000000071d600000,0x000000071d600000)
  from space 21504K, 0% used [0x000000071eb00000,0x000000071eb00000,0x0000000720000000)
  to   space 21504K, 0% used [0x000000071d600000,0x000000071d600000,0x000000071eb00000)
 ParOldGen       total 207872K, used 20123K [0x00000005c0000000, 0x00000005ccb00000, 0x0000000715580000)
  object space 207872K, 9% used [0x00000005c0000000,0x00000005c13a6db0,0x00000005ccb00000)
 Metaspace       used 33559K, capacity 34992K, committed 35200K, reserved 1079296K
  class space    used 4296K, capacity 4644K, committed 4736K, reserved 1048576K
Event: 5.188 GC heap after
Heap after GC invocations=4 (full 1):
 PSYoungGen      total 153088K, used 9597K [0x0000000715580000, 0x0000000724500000, 0x00000007c0000000)
  eden space 131584K, 0% used [0x0000000715580000,0x0000000715580000,0x000000071d600000)
  from space 21504K, 44% used [0x000000071d600000,0x000000071df5f748,0x000000071eb00000)
  to   space 21504K, 0% used [0x0000000723000000,0x0000000723000000,0x0000000724500000)
 ParOldGen       total 207872K, used 20123K [0x00000005c0000000, 0x00000005ccb00000, 0x0000000715580000)
  object space 207872K, 9% used [0x00000005c0000000,0x00000005c13a6db0,0x00000005ccb00000)
 Metaspace       used 33559K, capacity 34992K, committed 35200K, reserved 1079296K
  class space    used 4296K, capacity 4644K, committed 4736K, reserved 1048576K
}
Event: 5.220 GC heap before
{Heap before GC invocations=5 (full 1):
 PSYoungGen      total 153088K, used 14225K [0x0000000715580000, 0x0000000724500000, 0x00000007c0000000)
  eden space 131584K, 3% used [0x0000000715580000,0x0000000715a04e20,0x000000071d600000)
  from space 21504K, 44% used [0x000000071d600000,0x000000071df5f748,0x000000071eb00000)
  to   space 21504K, 0% used [0x0000000723000000,0x0000000723000000,0x0000000724500000)
 ParOldGen       total 207872K, used 20123K [0x00000005c0000000, 0x00000005ccb00000, 0x0000000715580000)
  object space 207872K, 9% used [0x00000005c0000000,0x00000005c13a6db0,0x00000005ccb00000)
 Metaspace       used 33963K, capacity 35344K, committed 35456K, reserved 1079296K
  class space    used 4321K, capacity 4676K, committed 4736K, reserved 1048576K
Event: 5.230 GC heap after
Heap after GC invocations=5 (full 1):
 PSYoungGen      total 223744K, used 4202K [0x0000000715580000, 0x0000000726900000, 0x00000007c0000000)
  eden space 202240K, 0% used [0x0000000715580000,0x0000000715580000,0x0000000721b00000)
  from space 21504K, 19% used [0x0000000723000000,0x000000072341a8a0,0x0000000724500000)
  to   space 21504K, 0% used [0x0000000721b00000,0x0000000721b00000,0x0000000723000000)
 ParOldGen       total 207872K, used 20123K [0x00000005c0000000, 0x00000005ccb00000, 0x0000000715580000)
  object space 207872K, 9% used [0x00000005c0000000,0x00000005c13a6db0,0x00000005ccb00000)
 Metaspace       used 33963K, capacity 35344K, committed 35456K, reserved 1079296K
  class space    used 4321K, capacity 4676K, committed 4736K, reserved 1048576K
}
Event: 5.230 GC heap before
{Heap before GC invocations=6 (full 2):
 PSYoungGen      total 223744K, used 4202K [0x0000000715580000, 0x0000000726900000, 0x00000007c0000000)
  eden space 202240K, 0% used [0x0000000715580000,0x0000000715580000,0x0000000721b00000)
  from space 21504K, 19% used [0x0000000723000000,0x000000072341a8a0,0x0000000724500000)
  to   space 21504K, 0% used [0x0000000721b00000,0x0000000721b00000,0x0000000723000000)
 ParOldGen       total 207872K, used 20123K [0x00000005c0000000, 0x00000005ccb00000, 0x0000000715580000)
  object space 207872K, 9% used [0x00000005c0000000,0x00000005c13a6db0,0x00000005ccb00000)
 Metaspace       used 33963K, capacity 35344K, committed 35456K, reserved 1079296K
  class space    used 4321K, capacity 4676K, committed 4736K, reserved 1048576K
Event: 5.312 GC heap after
Heap after GC invocations=6 (full 2):
 PSYoungGen      total 223744K, used 0K [0x0000000715580000, 0x0000000726900000, 0x00000007c0000000)
  eden space 202240K, 0% used [0x0000000715580000,0x0000000715580000,0x0000000721b00000)
  from space 21504K, 0% used [0x0000000723000000,0x0000000723000000,0x0000000724500000)
  to   space 21504K, 0% used [0x0000000721b00000,0x0000000721b00000,0x0000000723000000)
 ParOldGen       total 269312K, used 23694K [0x00000005c0000000, 0x00000005d0700000, 0x0000000715580000)
  object space 269312K, 8% used [0x00000005c0000000,0x00000005c1723af0,0x00000005d0700000)
 Metaspace       used 33963K, capacity 35344K, committed 35456K, reserved 1079296K
  class space    used 4321K, capacity 4676K, committed 4736K, reserved 1048576K
}
Event: 7.437 GC heap before
{Heap before GC invocations=7 (full 2):
 PSYoungGen      total 223744K, used 202240K [0x0000000715580000, 0x0000000726900000, 0x00000007c0000000)
  eden space 202240K, 100% used [0x0000000715580000,0x0000000721b00000,0x0000000721b00000)
  from space 21504K, 0% used [0x0000000723000000,0x0000000723000000,0x0000000724500000)
  to   space 21504K, 0% used [0x0000000721b00000,0x0000000721b00000,0x0000000723000000)
 ParOldGen       total 269312K, used 23694K [0x00000005c0000000, 0x00000005d0700000, 0x0000000715580000)
  object space 269312K, 8% used [0x00000005c0000000,0x00000005c1723af0,0x00000005d0700000)
 Metaspace       used 46994K, capacity 49432K, committed 49664K, reserved 1093632K
  class space    used 5883K, capacity 6360K, committed 6400K, reserved 1048576K
Event: 7.458 GC heap after
Heap after GC invocations=7 (full 2):
 PSYoungGen      total 223744K, used 14544K [0x0000000715580000, 0x000000072c900000, 0x00000007c0000000)
  eden space 202240K, 0% used [0x0000000715580000,0x0000000715580000,0x0000000721b00000)
  from space 21504K, 67% used [0x0000000721b00000,0x0000000722934390,0x0000000723000000)
  to   space 24576K, 0% used [0x000000072b100000,0x000000072b100000,0x000000072c900000)
 ParOldGen       total 269312K, used 23702K [0x00000005c0000000, 0x00000005d0700000, 0x0000000715580000)
  object space 269312K, 8% used [0x00000005c0000000,0x00000005c1725af0,0x00000005d0700000)
 Metaspace       used 46994K, capacity 49432K, committed 49664K, reserved 1093632K
  class space    used 5883K, capacity 6360K, committed 6400K, reserved 1048576K
}
Event: 25.776 GC heap before
{Heap before GC invocations=8 (full 2):
 PSYoungGen      total 223744K, used 212589K [0x0000000715580000, 0x000000072c900000, 0x00000007c0000000)
  eden space 202240K, 97% used [0x0000000715580000,0x00000007216e7448,0x0000000721b00000)
  from space 21504K, 67% used [0x0000000721b00000,0x0000000722934390,0x0000000723000000)
  to   space 24576K, 0% used [0x000000072b100000,0x000000072b100000,0x000000072c900000)
 ParOldGen       total 269312K, used 23702K [0x00000005c0000000, 0x00000005d0700000, 0x0000000715580000)
  object space 269312K, 8% used [0x00000005c0000000,0x00000005c1725af0,0x00000005d0700000)
 Metaspace       used 55456K, capacity 58298K, committed 58368K, reserved 1099776K
  class space    used 6929K, capacity 7422K, committed 7424K, reserved 1048576K
Event: 25.812 GC heap after
Heap after GC invocations=8 (full 2):
 PSYoungGen      total 315904K, used 24551K [0x0000000715580000, 0x0000000730a80000, 0x00000007c0000000)
  eden space 291328K, 0% used [0x0000000715580000,0x0000000715580000,0x0000000727200000)
  from space 24576K, 99% used [0x000000072b100000,0x000000072c8f9d70,0x000000072c900000)
  to   space 64512K, 0% used [0x0000000727200000,0x0000000727200000,0x000000072b100000)
 ParOldGen       total 269312K, used 86912K [0x00000005c0000000, 0x00000005d0700000, 0x0000000715580000)
  object space 269312K, 32% used [0x00000005c0000000,0x00000005c54e03d0,0x00000005d0700000)
 Metaspace       used 55456K, capacity 58298K, committed 58368K, reserved 1099776K
  class space    used 6929K, capacity 7422K, committed 7424K, reserved 1048576K
}

