# JRE version: Java(TM) SE Runtime Environment (8.0_221-b11) (build 1.8.0_221-b11)
# Java VM: Java HotSpot(TM) 64-Bit Server VM (25.221-b11 mixed mode bsd-amd64 compressed oops)
Heap:
 PSYoungGen      total 344064K, used 76173K [0x0000000715580000, 0x000000072c780000, 0x00000007c0000000)
  eden space 319488K, 16% used [0x0000000715580000,0x0000000718830100,0x0000000728d80000)
  from space 24576K, 98% used [0x000000072af80000,0x000000072c733690,0x000000072c780000)
  to   space 28672K, 0% used [0x0000000728f80000,0x0000000728f80000,0x000000072ab80000)
 ParOldGen       total 267776K, used 43790K [0x00000005c0000000, 0x00000005d0580000, 0x0000000715580000)
  object space 267776K, 16% used [0x00000005c0000000,0x00000005c2ac3a90,0x00000005d0580000)
 Metaspace       used 55437K, capacity 58304K, committed 58624K, reserved 1099776K
  class space    used 6920K, capacity 7423K, committed 7424K, reserved 1048576K
GC Heap History (10 events):
Event: 5.868 GC heap before
{Heap before GC invocations=4 (full 1):
 PSYoungGen      total 153088K, used 131584K [0x0000000715580000, 0x0000000728080000, 0x00000007c0000000)
  eden space 131584K, 100% used [0x0000000715580000,0x000000071d600000,0x000000071d600000)
  from space 21504K, 0% used [0x000000071eb00000,0x000000071eb00000,0x0000000720000000)
  to   space 21504K, 0% used [0x000000071d600000,0x000000071d600000,0x000000071eb00000)
 ParOldGen       total 220672K, used 20064K [0x00000005c0000000, 0x00000005cd780000, 0x0000000715580000)
  object space 220672K, 9% used [0x00000005c0000000,0x00000005c1398380,0x00000005cd780000)
 Metaspace       used 33397K, capacity 34800K, committed 34944K, reserved 1079296K
  class space    used 4288K, capacity 4644K, committed 4736K, reserved 1048576K
Event: 5.888 GC heap after
Heap after GC invocations=4 (full 1):
 PSYoungGen      total 153088K, used 9129K [0x0000000715580000, 0x0000000723880000, 0x00000007c0000000)
  eden space 131584K, 0% used [0x0000000715580000,0x0000000715580000,0x000000071d600000)
  from space 21504K, 42% used [0x000000071d600000,0x000000071deea5f0,0x000000071eb00000)
  to   space 21504K, 0% used [0x0000000722380000,0x0000000722380000,0x0000000723880000)
 ParOldGen       total 220672K, used 20064K [0x00000005c0000000, 0x00000005cd780000, 0x0000000715580000)
  object space 220672K, 9% used [0x00000005c0000000,0x00000005c1398380,0x00000005cd780000)
 Metaspace       used 33397K, capacity 34800K, committed 34944K, reserved 1079296K
  class space    used 4288K, capacity 4644K, committed 4736K, reserved 1048576K
}
Event: 5.931 GC heap before
{Heap before GC invocations=5 (full 1):
 PSYoungGen      total 153088K, used 19913K [0x0000000715580000, 0x0000000723880000, 0x00000007c0000000)
  eden space 131584K, 8% used [0x0000000715580000,0x0000000716008200,0x000000071d600000)
  from space 21504K, 42% used [0x000000071d600000,0x000000071deea5f0,0x000000071eb00000)
  to   space 21504K, 0% used [0x0000000722380000,0x0000000722380000,0x0000000723880000)
 ParOldGen       total 220672K, used 20064K [0x00000005c0000000, 0x00000005cd780000, 0x0000000715580000)
  object space 220672K, 9% used [0x00000005c0000000,0x00000005c1398380,0x00000005cd780000)
 Metaspace       used 33980K, capacity 35344K, committed 35456K, reserved 1079296K
  class space    used 4325K, capacity 4676K, committed 4736K, reserved 1048576K
Event: 5.949 GC heap after
Heap after GC invocations=5 (full 1):
 PSYoungGen      total 210944K, used 4379K [0x0000000715580000, 0x0000000726b00000, 0x00000007c0000000)
  eden space 189440K, 0% used [0x0000000715580000,0x0000000715580000,0x0000000720e80000)
  from space 21504K, 20% used [0x0000000722380000,0x00000007227c6f90,0x0000000723880000)
  to   space 21504K, 0% used [0x0000000720e80000,0x0000000720e80000,0x0000000722380000)
 ParOldGen       total 220672K, used 20064K [0x00000005c0000000, 0x00000005cd780000, 0x0000000715580000)
  object space 220672K, 9% used [0x00000005c0000000,0x00000005c1398380,0x00000005cd780000)
 Metaspace       used 33980K, capacity 35344K, committed 35456K, reserved 1079296K
  class space    used 4325K, capacity 4676K, committed 4736K, reserved 1048576K
}
Event: 5.949 GC heap before
{Heap before GC invocations=6 (full 2):
 PSYoungGen      total 210944K, used 4379K [0x0000000715580000, 0x0000000726b00000, 0x00000007c0000000)
  eden space 189440K, 0% used [0x0000000715580000,0x0000000715580000,0x0000000720e80000)
  from space 21504K, 20% used [0x0000000722380000,0x00000007227c6f90,0x0000000723880000)
  to   space 21504K, 0% used [0x0000000720e80000,0x0000000720e80000,0x0000000722380000)
 ParOldGen       total 220672K, used 20064K [0x00000005c0000000, 0x00000005cd780000, 0x0000000715580000)
  object space 220672K, 9% used [0x00000005c0000000,0x00000005c1398380,0x00000005cd780000)
 Metaspace       used 33980K, capacity 35344K, committed 35456K, reserved 1079296K
  class space    used 4325K, capacity 4676K, committed 4736K, reserved 1048576K
Event: 6.019 GC heap after
Heap after GC invocations=6 (full 2):
 PSYoungGen      total 210944K, used 0K [0x0000000715580000, 0x0000000726b00000, 0x00000007c0000000)
  eden space 189440K, 0% used [0x0000000715580000,0x0000000715580000,0x0000000720e80000)
  from space 21504K, 0% used [0x0000000722380000,0x0000000722380000,0x0000000723880000)
  to   space 21504K, 0% used [0x0000000720e80000,0x0000000720e80000,0x0000000722380000)
 ParOldGen       total 267776K, used 23839K [0x00000005c0000000, 0x00000005d0580000, 0x0000000715580000)
  object space 267776K, 8% used [0x00000005c0000000,0x00000005c1747fd0,0x00000005d0580000)
 Metaspace       used 33980K, capacity 35344K, committed 35456K, reserved 1079296K
  class space    used 4325K, capacity 4676K, committed 4736K, reserved 1048576K
}
Event: 8.071 GC heap before
{Heap before GC invocations=7 (full 2):
 PSYoungGen      total 210944K, used 189440K [0x0000000715580000, 0x0000000726b00000, 0x00000007c0000000)
  eden space 189440K, 100% used [0x0000000715580000,0x0000000720e80000,0x0000000720e80000)
  from space 21504K, 0% used [0x0000000722380000,0x0000000722380000,0x0000000723880000)
  to   space 21504K, 0% used [0x0000000720e80000,0x0000000720e80000,0x0000000722380000)
 ParOldGen       total 267776K, used 23839K [0x00000005c0000000, 0x00000005d0580000, 0x0000000715580000)
  object space 267776K, 8% used [0x00000005c0000000,0x00000005c1747fd0,0x00000005d0580000)
 Metaspace       used 46339K, capacity 48742K, committed 49024K, reserved 1091584K
  class space    used 5817K, capacity 6261K, committed 6272K, reserved 1048576K
Event: 8.090 GC heap after
Heap after GC invocations=7 (full 2):
 PSYoungGen      total 210944K, used 14398K [0x0000000715580000, 0x000000072c780000, 0x00000007c0000000)
  eden space 189440K, 0% used [0x0000000715580000,0x0000000715580000,0x0000000720e80000)
  from space 21504K, 66% used [0x0000000720e80000,0x0000000721c8fa00,0x0000000722380000)
  to   space 24576K, 0% used [0x000000072af80000,0x000000072af80000,0x000000072c780000)
 ParOldGen       total 267776K, used 23839K [0x00000005c0000000, 0x00000005d0580000, 0x0000000715580000)
  object space 267776K, 8% used [0x00000005c0000000,0x00000005c1747fd0,0x00000005d0580000)
 Metaspace       used 46339K, capacity 48742K, committed 49024K, reserved 1091584K
  class space    used 5817K, capacity 6261K, committed 6272K, reserved 1048576K
}
Event: 15.110 GC heap before
{Heap before GC invocations=8 (full 2):
 PSYoungGen      total 210944K, used 199053K [0x0000000715580000, 0x000000072c780000, 0x00000007c0000000)
  eden space 189440K, 97% used [0x0000000715580000,0x00000007209d3af0,0x0000000720e80000)
  from space 21504K, 66% used [0x0000000720e80000,0x0000000721c8fa00,0x0000000722380000)
  to   space 24576K, 0% used [0x000000072af80000,0x000000072af80000,0x000000072c780000)
 ParOldGen       total 267776K, used 23839K [0x00000005c0000000, 0x00000005d0580000, 0x0000000715580000)
  object space 267776K, 8% used [0x00000005c0000000,0x00000005c1747fd0,0x00000005d0580000)
 Metaspace       used 55364K, capacity 58170K, committed 58368K, reserved 1099776K
  class space    used 6915K, capacity 7422K, committed 7424K, reserved 1048576K
Event: 15.136 GC heap after
Heap after GC invocations=8 (full 2):
 PSYoungGen      total 344064K, used 24269K [0x0000000715580000, 0x000000072c780000, 0x00000007c0000000)
  eden space 319488K, 0% used [0x0000000715580000,0x0000000715580000,0x0000000728d80000)
  from space 24576K, 98% used [0x000000072af80000,0x000000072c733690,0x000000072c780000)
  to   space 28672K, 0% used [0x0000000728f80000,0x0000000728f80000,0x000000072ab80000)
 ParOldGen       total 267776K, used 43790K [0x00000005c0000000, 0x00000005d0580000, 0x0000000715580000)
  object space 267776K, 16% used [0x00000005c0000000,0x00000005c2ac3a90,0x00000005d0580000)
 Metaspace       used 55364K, capacity 58170K, committed 58368K, reserved 1099776K
  class space    used 6915K, capacity 7422K, committed 7424K, reserved 1048576K
}

