# JRE version: Java(TM) SE Runtime Environment (8.0_221-b11) (build 1.8.0_221-b11)
# Java VM: Java HotSpot(TM) 64-Bit Server VM (25.221-b11 mixed mode bsd-amd64 compressed oops)
Heap:
 PSYoungGen      total 382464K, used 205529K [0x0000000715580000, 0x000000072f880000, 0x00000007c0000000)
  eden space 363520K, 51% used [0x0000000715580000,0x0000000720bbfd40,0x000000072b880000)
  from space 18944K, 99% used [0x000000072e600000,0x000000072f8768d8,0x000000072f880000)
  to   space 21504K, 0% used [0x000000072ce80000,0x000000072ce80000,0x000000072e380000)
 ParOldGen       total 337920K, used 28583K [0x00000005c0000000, 0x00000005d4a00000, 0x0000000715580000)
  object space 337920K, 8% used [0x00000005c0000000,0x00000005c1be9cb0,0x00000005d4a00000)
 Metaspace       used 55387K, capacity 58240K, committed 58368K, reserved 1099776K
  class space    used 6917K, capacity 7423K, committed 7424K, reserved 1048576K
GC Heap History (10 events):
Event: 3.254 GC heap before
{Heap before GC invocations=2 (full 0):
 PSYoungGen      total 153088K, used 46070K [0x0000000715580000, 0x0000000728080000, 0x00000007c0000000)
  eden space 131584K, 19% used [0x0000000715580000,0x0000000716e713a0,0x000000071d600000)
  from space 21504K, 95% used [0x000000071d600000,0x000000071ea0c740,0x000000071eb00000)
  to   space 21504K, 0% used [0x0000000726b80000,0x0000000726b80000,0x0000000728080000)
 ParOldGen       total 349696K, used 0K [0x00000005c0000000, 0x00000005d5580000, 0x0000000715580000)
  object space 349696K, 0% used [0x00000005c0000000,0x00000005c0000000,0x00000005d5580000)
 Metaspace       used 20257K, capacity 21276K, committed 21296K, reserved 1067008K
  class space    used 2603K, capacity 2930K, committed 2944K, reserved 1048576K
Event: 3.271 GC heap after
Heap after GC invocations=2 (full 0):
 PSYoungGen      total 284672K, used 20330K [0x0000000715580000, 0x0000000728080000, 0x00000007c0000000)
  eden space 263168K, 0% used [0x0000000715580000,0x0000000715580000,0x0000000725680000)
  from space 21504K, 94% used [0x0000000726b80000,0x0000000727f5ab78,0x0000000728080000)
  to   space 21504K, 0% used [0x0000000725680000,0x0000000725680000,0x0000000726b80000)
 ParOldGen       total 349696K, used 0K [0x00000005c0000000, 0x00000005d5580000, 0x0000000715580000)
  object space 349696K, 0% used [0x00000005c0000000,0x00000005c0000000,0x00000005d5580000)
 Metaspace       used 20257K, capacity 21276K, committed 21296K, reserved 1067008K
  class space    used 2603K, capacity 2930K, committed 2944K, reserved 1048576K
}
Event: 3.271 GC heap before
{Heap before GC invocations=3 (full 1):
 PSYoungGen      total 284672K, used 20330K [0x0000000715580000, 0x0000000728080000, 0x00000007c0000000)
  eden space 263168K, 0% used [0x0000000715580000,0x0000000715580000,0x0000000725680000)
  from space 21504K, 94% used [0x0000000726b80000,0x0000000727f5ab78,0x0000000728080000)
  to   space 21504K, 0% used [0x0000000725680000,0x0000000725680000,0x0000000726b80000)
 ParOldGen       total 349696K, used 0K [0x00000005c0000000, 0x00000005d5580000, 0x0000000715580000)
  object space 349696K, 0% used [0x00000005c0000000,0x00000005c0000000,0x00000005d5580000)
 Metaspace       used 20257K, capacity 21276K, committed 21296K, reserved 1067008K
  class space    used 2603K, capacity 2930K, committed 2944K, reserved 1048576K
Event: 3.328 GC heap after
Heap after GC invocations=3 (full 1):
 PSYoungGen      total 284672K, used 0K [0x0000000715580000, 0x0000000728080000, 0x00000007c0000000)
  eden space 263168K, 0% used [0x0000000715580000,0x0000000715580000,0x0000000725680000)
  from space 21504K, 0% used [0x0000000726b80000,0x0000000726b80000,0x0000000728080000)
  to   space 21504K, 0% used [0x0000000725680000,0x0000000725680000,0x0000000726b80000)
 ParOldGen       total 215552K, used 20113K [0x00000005c0000000, 0x00000005cd280000, 0x0000000715580000)
  object space 215552K, 9% used [0x00000005c0000000,0x00000005c13a47c8,0x00000005cd280000)
 Metaspace       used 20257K, capacity 21276K, committed 21296K, reserved 1067008K
  class space    used 2603K, capacity 2930K, committed 2944K, reserved 1048576K
}
Event: 5.131 GC heap before
{Heap before GC invocations=4 (full 1):
 PSYoungGen      total 284672K, used 157392K [0x0000000715580000, 0x0000000728080000, 0x00000007c0000000)
  eden space 263168K, 59% used [0x0000000715580000,0x000000071ef340f0,0x0000000725680000)
  from space 21504K, 0% used [0x0000000726b80000,0x0000000726b80000,0x0000000728080000)
  to   space 21504K, 0% used [0x0000000725680000,0x0000000725680000,0x0000000726b80000)
 ParOldGen       total 215552K, used 20113K [0x00000005c0000000, 0x00000005cd280000, 0x0000000715580000)
  object space 215552K, 9% used [0x00000005c0000000,0x00000005c13a47c8,0x00000005cd280000)
 Metaspace       used 33957K, capacity 35344K, committed 35456K, reserved 1079296K
  class space    used 4328K, capacity 4676K, committed 4736K, reserved 1048576K
Event: 5.149 GC heap after
Heap after GC invocations=4 (full 1):
 PSYoungGen      total 284672K, used 9418K [0x0000000715580000, 0x000000072fb00000, 0x00000007c0000000)
  eden space 263168K, 0% used [0x0000000715580000,0x0000000715580000,0x0000000725680000)
  from space 21504K, 43% used [0x0000000725680000,0x0000000725fb2a38,0x0000000726b80000)
  to   space 21504K, 0% used [0x000000072e600000,0x000000072e600000,0x000000072fb00000)
 ParOldGen       total 215552K, used 20113K [0x00000005c0000000, 0x00000005cd280000, 0x0000000715580000)
  object space 215552K, 9% used [0x00000005c0000000,0x00000005c13a47c8,0x00000005cd280000)
 Metaspace       used 33957K, capacity 35344K, committed 35456K, reserved 1079296K
  class space    used 4328K, capacity 4676K, committed 4736K, reserved 1048576K
}
Event: 5.149 GC heap before
{Heap before GC invocations=5 (full 2):
 PSYoungGen      total 284672K, used 9418K [0x0000000715580000, 0x000000072fb00000, 0x00000007c0000000)
  eden space 263168K, 0% used [0x0000000715580000,0x0000000715580000,0x0000000725680000)
  from space 21504K, 43% used [0x0000000725680000,0x0000000725fb2a38,0x0000000726b80000)
  to   space 21504K, 0% used [0x000000072e600000,0x000000072e600000,0x000000072fb00000)
 ParOldGen       total 215552K, used 20113K [0x00000005c0000000, 0x00000005cd280000, 0x0000000715580000)
  object space 215552K, 9% used [0x00000005c0000000,0x00000005c13a47c8,0x00000005cd280000)
 Metaspace       used 33957K, capacity 35344K, committed 35456K, reserved 1079296K
  class space    used 4328K, capacity 4676K, committed 4736K, reserved 1048576K
Event: 5.198 GC heap after
Heap after GC invocations=5 (full 2):
 PSYoungGen      total 284672K, used 0K [0x0000000715580000, 0x000000072fb00000, 0x00000007c0000000)
  eden space 263168K, 0% used [0x0000000715580000,0x0000000715580000,0x0000000725680000)
  from space 21504K, 0% used [0x0000000725680000,0x0000000725680000,0x0000000726b80000)
  to   space 21504K, 0% used [0x000000072e600000,0x000000072e600000,0x000000072fb00000)
 ParOldGen       total 337920K, used 28583K [0x00000005c0000000, 0x00000005d4a00000, 0x0000000715580000)
  object space 337920K, 8% used [0x00000005c0000000,0x00000005c1be9cb0,0x00000005d4a00000)
 Metaspace       used 33957K, capacity 35344K, committed 35456K, reserved 1079296K
  class space    used 4328K, capacity 4676K, committed 4736K, reserved 1048576K
}
Event: 8.099 GC heap before
{Heap before GC invocations=6 (full 2):
 PSYoungGen      total 284672K, used 263168K [0x0000000715580000, 0x000000072fb00000, 0x00000007c0000000)
  eden space 263168K, 100% used [0x0000000715580000,0x0000000725680000,0x0000000725680000)
  from space 21504K, 0% used [0x0000000725680000,0x0000000725680000,0x0000000726b80000)
  to   space 21504K, 0% used [0x000000072e600000,0x000000072e600000,0x000000072fb00000)
 ParOldGen       total 337920K, used 28583K [0x00000005c0000000, 0x00000005d4a00000, 0x0000000715580000)
  object space 337920K, 8% used [0x00000005c0000000,0x00000005c1be9cb0,0x00000005d4a00000)
 Metaspace       used 50000K, capacity 52694K, committed 52864K, reserved 1095680K
  class space    used 6265K, capacity 6763K, committed 6784K, reserved 1048576K
Event: 8.119 GC heap after
Heap after GC invocations=6 (full 2):
 PSYoungGen      total 382464K, used 18906K [0x0000000715580000, 0x000000072f880000, 0x00000007c0000000)
  eden space 363520K, 0% used [0x0000000715580000,0x0000000715580000,0x000000072b880000)
  from space 18944K, 99% used [0x000000072e600000,0x000000072f8768d8,0x000000072f880000)
  to   space 21504K, 0% used [0x000000072ce80000,0x000000072ce80000,0x000000072e380000)
 ParOldGen       total 337920K, used 28583K [0x00000005c0000000, 0x00000005d4a00000, 0x0000000715580000)
  object space 337920K, 8% used [0x00000005c0000000,0x00000005c1be9cb0,0x00000005d4a00000)
 Metaspace       used 50000K, capacity 52694K, committed 52864K, reserved 1095680K
  class space    used 6265K, capacity 6763K, committed 6784K, reserved 1048576K
}

